<?xml version="1.0" encoding="UTF-8"?>
<!-- Generated by org.testng.reporters.JUnitXMLReporter -->
<testsuite ignored="0" hostname="DESKTOP-GHDB9E9" failures="0" tests="3" name="Default test" time="0.088" errors="0" timestamp="2022-01-23T14:09:36 IST">
  <testcase classname="com.test.testCases.SeleniumTest" name="login" time="0.014"/>
  <testcase classname="com.test.testCases.SeleniumTest" name="logout" time="0.002"/>
  <testcase classname="com.test.testCases.SeleniumTest" name="search" time="0.003"/>
</testsuite> <!-- Default test -->
