<?xml version="1.0" encoding="UTF-8"?>
<!-- Generated by org.testng.reporters.JUnitXMLReporter -->
<testsuite ignored="0" hostname="DESKTOP-GHDB9E9" failures="0" tests="3" name="Test" time="0.08" errors="0" timestamp="2022-01-23T14:19:29 IST">
  <testcase classname="com.test.testCases.SeleniumTest" name="login" time="0.011"/>
  <testcase classname="com.test.testCases.SeleniumTest" name="logout" time="0.002"/>
  <testcase classname="com.test.testCases.SeleniumTest" name="search" time="0.003"/>
</testsuite> <!-- Test -->
