<?xml version="1.0" encoding="UTF-8"?>
<!-- Generated by org.testng.reporters.JUnitXMLReporter -->
<testsuite hostname="DESKTOP-GHDB9E9" ignored="0" name="Jenkins test" tests="3" failures="0" timestamp="2022-01-23T15:00:51 IST" time="0.065" errors="0">
  <testcase name="login" time="0.004" classname="com.test.testCases.SeleniumTest"/>
  <testcase name="logout" time="0.0" classname="com.test.testCases.SeleniumTest"/>
  <testcase name="search" time="0.002" classname="com.test.testCases.SeleniumTest"/>
</testsuite> <!-- Jenkins test -->
