<?xml version="1.0" encoding="UTF-8"?>
<testng-results skipped="0" failed="0" ignored="0" total="3" passed="3">
  <reporter-output>
  </reporter-output>
  <suite name="Suite" duration-ms="65" started-at="2022-01-23T15:00:51 IST" finished-at="2022-01-23T15:00:51 IST">
    <groups>
    </groups>
    <test name="Jenkins test" duration-ms="65" started-at="2022-01-23T15:00:51 IST" finished-at="2022-01-23T15:00:51 IST">
      <class name="com.test.testCases.SeleniumTest">
        <test-method status="PASS" signature="login()[pri:0, instance:com.test.testCases.SeleniumTest@7085bdee]" name="login" duration-ms="4" started-at="2022-01-23T15:00:51 IST" finished-at="2022-01-23T15:00:51 IST">
          <reporter-output>
          </reporter-output>
        </test-method> <!-- login -->
        <test-method status="PASS" signature="logout()[pri:0, instance:com.test.testCases.SeleniumTest@7085bdee]" name="logout" duration-ms="0" started-at="2022-01-23T15:00:51 IST" finished-at="2022-01-23T15:00:51 IST">
          <reporter-output>
          </reporter-output>
        </test-method> <!-- logout -->
        <test-method status="PASS" signature="search()[pri:0, instance:com.test.testCases.SeleniumTest@7085bdee]" name="search" duration-ms="2" started-at="2022-01-23T15:00:51 IST" finished-at="2022-01-23T15:00:51 IST">
          <reporter-output>
          </reporter-output>
        </test-method> <!-- search -->
      </class> <!-- com.test.testCases.SeleniumTest -->
    </test> <!-- Jenkins test -->
  </suite> <!-- Suite -->
</testng-results>
