<?xml version="1.0" encoding="UTF-8"?>
<testng-results ignored="0" total="3" passed="3" failed="0" skipped="0">
  <reporter-output>
  </reporter-output>
  <suite started-at="2022-01-23T14:19:29 IST" name="Suite" finished-at="2022-01-23T14:19:29 IST" duration-ms="80">
    <groups>
    </groups>
    <test started-at="2022-01-23T14:19:29 IST" name="Test" finished-at="2022-01-23T14:19:29 IST" duration-ms="80">
      <class name="com.test.testCases.SeleniumTest">
        <test-method signature="login()[pri:0, instance:com.test.testCases.SeleniumTest@60015ef5]" started-at="2022-01-23T14:19:29 IST" name="login" finished-at="2022-01-23T14:19:29 IST" duration-ms="11" status="PASS">
          <reporter-output>
          </reporter-output>
        </test-method> <!-- login -->
        <test-method signature="logout()[pri:0, instance:com.test.testCases.SeleniumTest@60015ef5]" started-at="2022-01-23T14:19:29 IST" name="logout" finished-at="2022-01-23T14:19:29 IST" duration-ms="2" status="PASS">
          <reporter-output>
          </reporter-output>
        </test-method> <!-- logout -->
        <test-method signature="search()[pri:0, instance:com.test.testCases.SeleniumTest@60015ef5]" started-at="2022-01-23T14:19:29 IST" name="search" finished-at="2022-01-23T14:19:29 IST" duration-ms="3" status="PASS">
          <reporter-output>
          </reporter-output>
        </test-method> <!-- search -->
      </class> <!-- com.test.testCases.SeleniumTest -->
    </test> <!-- Test -->
  </suite> <!-- Suite -->
</testng-results>
